<?xml version="1.0" encoding="UTF-8"?>
<testng-results ignored="0" total="1" passed="1" failed="0" skipped="0">
  <reporter-output>
  </reporter-output>
  <suite started-at="2021-11-28T11:52:55 EST" name="regression" finished-at="2021-11-28T11:53:12 EST" duration-ms="16928">
    <groups>
    </groups>
    <test started-at="2021-11-28T11:52:55 EST" name="test1" finished-at="2021-11-28T11:53:12 EST" duration-ms="16928">
      <class name="regressiontest.NewTest">
        <test-method is-config="true" signature="browser(java.lang.String,java.lang.String)[pri:0, instance:regressiontest.NewTest@6f96c77]" started-at="2021-11-28T11:52:55 EST" name="browser" finished-at="2021-11-28T11:53:02 EST" duration-ms="7207" status="PASS">
          <params>
            <param index="0">
              <value>
                <![CDATA[chrome]]>
              </value>
            </param>
            <param index="1">
              <value>
                <![CDATA[https://www.facebook.com]]>
              </value>
            </param>
          </params>
          <reporter-output>
          </reporter-output>
        </test-method> <!-- browser -->
        <test-method signature="f()[pri:0, instance:regressiontest.NewTest@6f96c77]" started-at="2021-11-28T11:53:02 EST" name="f" finished-at="2021-11-28T11:53:03 EST" duration-ms="426" status="PASS">
          <reporter-output>
          </reporter-output>
        </test-method> <!-- f -->
        <test-method is-config="true" signature="afterTest()[pri:0, instance:regressiontest.NewTest@6f96c77]" started-at="2021-11-28T11:53:03 EST" name="afterTest" finished-at="2021-11-28T11:53:12 EST" duration-ms="9143" status="PASS">
          <reporter-output>
          </reporter-output>
        </test-method> <!-- afterTest -->
      </class> <!-- regressiontest.NewTest -->
    </test> <!-- test1 -->
  </suite> <!-- regression -->
</testng-results>
